/hkfs/home/haicore/iwu/qa8171/Project/Hy2DL/50_day.py:335: UserWarning: The standard deviation of the following attribute(s) is NaN or zero: ['high_prec_dur']. The std of this attribute(s) has been forced to 1 to avoid NaN issues during normalization.
  training_dataset.calculate_global_statistics(path_save_scaler=path_save_folder)
/hkfs/home/haicore/iwu/qa8171/env/HY3.9/lib64/python3.9/site-packages/networkx/utils/backends.py:135: RuntimeWarning: networkx backend defined more than once: nx-loopback
  backends.update(_get_backends("networkx.backends"))
Folder './results/Exp4/50_day_seed_110' created successfully.
NVIDIA A100-SXM4-40GB
Number of batches in training:  1041

Sample batch details:
Key          | Shape               
-----------------------------------
x_d_1W       | torch.Size([64, 24, 5])
x_d_1D       | torch.Size([64, 147, 5])
x_d_1h       | torch.Size([64, 1200, 5])
x_s          | torch.Size([64, 17])
y_obs        | torch.Size([64, 24, 1])
basin_std    | torch.Size([64, 24, 1])
basin        | (64,)               
date         | (64, 24)            
Epoch: 1  | Loss training: 7.274 | NSE validation: 0.330 | Epoch time: 80.2  s | LR:0.00050 
Epoch: 2  | Loss training: 4.788 | NSE validation: 0.488 | Epoch time: 79.6  s | LR:0.00050 
Epoch: 3  | Loss training: 3.962 | NSE validation: 0.562 | Epoch time: 79.6  s | LR:0.00050 
Epoch: 4  | Loss training: 3.383 | NSE validation: 0.605 | Epoch time: 79.6  s | LR:0.00050 
Epoch: 5  | Loss training: 2.981 | NSE validation: 0.644 | Epoch time: 79.6  s | LR:0.00050 
Epoch: 6  | Loss training: 2.396 | NSE validation: 0.579 | Epoch time: 79.5  s | LR:0.00010 
Epoch: 7  | Loss training: 2.248 | NSE validation: 0.558 | Epoch time: 79.6  s | LR:0.00010 
Epoch: 8  | Loss training: 2.158 | NSE validation: 0.614 | Epoch time: 79.7  s | LR:0.00010 
Epoch: 9  | Loss training: 2.042 | NSE validation: 0.569 | Epoch time: 79.9  s | LR:0.00001 
Epoch: 10 | Loss training: 2.008 | NSE validation: 0.567 | Epoch time: 79.8  s | LR:0.00001 
Best (validation) median NSE: 0.644 at epoch 5
The mean NSE (validation) of this epoch model is 0.47 
Total training time: 13.3  min
***************  Evaluation process begin  ****************
Median  NSE across all basins: 0.607
Mean NSE across all basins: 0.321
Total evaluation time: 0.6  min
/hkfs/home/haicore/iwu/qa8171/Project/Hy2DL/100_day.py:335: UserWarning: The standard deviation of the following attribute(s) is NaN or zero: ['high_prec_dur']. The std of this attribute(s) has been forced to 1 to avoid NaN issues during normalization.
  training_dataset.calculate_global_statistics(path_save_scaler=path_save_folder)
/hkfs/home/haicore/iwu/qa8171/env/HY3.9/lib64/python3.9/site-packages/networkx/utils/backends.py:135: RuntimeWarning: networkx backend defined more than once: nx-loopback
  backends.update(_get_backends("networkx.backends"))
Folder './results/Exp4/100_day_seed_110' created successfully.
NVIDIA A100-SXM4-40GB
Number of batches in training:  1041

Sample batch details:
Key          | Shape               
-----------------------------------
x_d_1W       | torch.Size([64, 24, 5])
x_d_1D       | torch.Size([64, 97, 5])
x_d_1h       | torch.Size([64, 2400, 5])
x_s          | torch.Size([64, 17])
y_obs        | torch.Size([64, 24, 1])
basin_std    | torch.Size([64, 24, 1])
basin        | (64,)               
date         | (64, 24)            
Epoch: 1  | Loss training: 7.279 | NSE validation: 0.468 | Epoch time: 132.6  s | LR:0.00050 
Epoch: 2  | Loss training: 4.854 | NSE validation: 0.572 | Epoch time: 133.0  s | LR:0.00050 
Epoch: 3  | Loss training: 4.030 | NSE validation: 0.363 | Epoch time: 133.1  s | LR:0.00050 
Epoch: 4  | Loss training: 3.400 | NSE validation: 0.642 | Epoch time: 133.0  s | LR:0.00050 
Epoch: 5  | Loss training: 2.992 | NSE validation: 0.651 | Epoch time: 133.0  s | LR:0.00050 
Epoch: 6  | Loss training: 2.410 | NSE validation: 0.583 | Epoch time: 133.1  s | LR:0.00010 
Epoch: 7  | Loss training: 2.236 | NSE validation: 0.539 | Epoch time: 133.0  s | LR:0.00010 
Epoch: 8  | Loss training: 2.158 | NSE validation: 0.679 | Epoch time: 133.1  s | LR:0.00010 
Epoch: 9  | Loss training: 2.037 | NSE validation: 0.639 | Epoch time: 133.0  s | LR:0.00001 
Epoch: 10 | Loss training: 2.002 | NSE validation: 0.635 | Epoch time: 132.9  s | LR:0.00001 
Best (validation) median NSE: 0.679 at epoch 8
The mean NSE (validation) of this epoch model is 0.51 
Total training time: 22.2  min
***************  Evaluation process begin  ****************
Median  NSE across all basins: 0.502
Mean NSE across all basins: 0.348
Total evaluation time: 0.7  min
/hkfs/home/haicore/iwu/qa8171/Project/Hy2DL/150_day.py:335: UserWarning: The standard deviation of the following attribute(s) is NaN or zero: ['high_prec_dur']. The std of this attribute(s) has been forced to 1 to avoid NaN issues during normalization.
  training_dataset.calculate_global_statistics(path_save_scaler=path_save_folder)
/hkfs/home/haicore/iwu/qa8171/env/HY3.9/lib64/python3.9/site-packages/networkx/utils/backends.py:135: RuntimeWarning: networkx backend defined more than once: nx-loopback
  backends.update(_get_backends("networkx.backends"))
Folder './results/Exp4/150_day_seed_110' created successfully.
NVIDIA A100-SXM4-40GB
Number of batches in training:  1041

Sample batch details:
Key          | Shape               
-----------------------------------
x_d_1W       | torch.Size([64, 24, 5])
x_d_1D       | torch.Size([64, 47, 5])
x_d_1h       | torch.Size([64, 3600, 5])
x_s          | torch.Size([64, 17])
y_obs        | torch.Size([64, 24, 1])
basin_std    | torch.Size([64, 24, 1])
basin        | (64,)               
date         | (64, 24)            
Epoch: 1  | Loss training: 7.349 | NSE validation: 0.337 | Epoch time: 193.2  s | LR:0.00050 
Epoch: 2  | Loss training: 4.892 | NSE validation: 0.484 | Epoch time: 193.7  s | LR:0.00050 
Epoch: 3  | Loss training: 4.083 | NSE validation: 0.552 | Epoch time: 193.6  s | LR:0.00050 
Epoch: 4  | Loss training: 3.395 | NSE validation: 0.541 | Epoch time: 193.6  s | LR:0.00050 
Epoch: 5  | Loss training: 3.039 | NSE validation: 0.685 | Epoch time: 193.6  s | LR:0.00050 
Epoch: 6  | Loss training: 2.475 | NSE validation: 0.631 | Epoch time: 193.6  s | LR:0.00010 
Epoch: 7  | Loss training: 2.291 | NSE validation: 0.651 | Epoch time: 193.7  s | LR:0.00010 
Epoch: 8  | Loss training: 2.221 | NSE validation: 0.708 | Epoch time: 193.7  s | LR:0.00010 
Epoch: 9  | Loss training: 2.096 | NSE validation: 0.643 | Epoch time: 193.6  s | LR:0.00001 
Epoch: 10 | Loss training: 2.059 | NSE validation: 0.635 | Epoch time: 193.7  s | LR:0.00001 
Best (validation) median NSE: 0.708 at epoch 8
The mean NSE (validation) of this epoch model is 0.49 
Total training time: 32.3  min
***************  Evaluation process begin  ****************
Median  NSE across all basins: 0.615
Mean NSE across all basins: 0.459
Total evaluation time: 1.0  min

============================= JOB FEEDBACK =============================

Job ID: 1522001
Cluster: haic
User/Group: qa8171/iwu
Account: iwu
State: COMPLETED (exit code 0)
Partition: normal
Nodes: 1
Cores per node: 2
Nodelist: haicn1711
CPU Utilized: 01:06:40
CPU Efficiency: 37.56% of 02:57:30 core-walltime
Job Wall-clock time: 01:28:45
Starttime: Sun Jun  8 18:50:03 2025
Endtime: Sun Jun  8 20:18:48 2025
Memory Utilized: 1.79 GB
Memory Efficiency: 0.36% of 489.84 GB
Energy Consumed: 3087264 Joule / 857.573333333333 Watthours
Average node power draw: 579.767887323944 Watt
