/hkfs/home/haicore/iwu/qa8171/Project/Hy2DL/hy2dl/datasetzoo/hourlycamelsus.py:199: DtypeWarning: Columns (3) have mixed types. Specify dtype option on import or set low_memory=False.
  df = pd.read_csv(streamflow_path, index_col=["date"], parse_dates=["date"])
/hkfs/home/haicore/iwu/qa8171/Project/Hy2DL/hy2dl/datasetzoo/hourlycamelsus.py:199: DtypeWarning: Columns (3) have mixed types. Specify dtype option on import or set low_memory=False.
  df = pd.read_csv(streamflow_path, index_col=["date"], parse_dates=["date"])
/hkfs/home/haicore/iwu/qa8171/env/HY3.9/lib64/python3.9/site-packages/networkx/utils/backends.py:135: RuntimeWarning: networkx backend defined more than once: nx-loopback
  backends.update(_get_backends("networkx.backends"))
/hkfs/home/haicore/iwu/qa8171/Project/Hy2DL/hy2dl/datasetzoo/hourlycamelsus.py:199: DtypeWarning: Columns (3) have mixed types. Specify dtype option on import or set low_memory=False.
  df = pd.read_csv(streamflow_path, index_col=["date"], parse_dates=["date"])
Using random seed: 110
Folder './results/US_exp1/14_days_seed_110' created successfully.
NVIDIA A100-SXM4-40GB
Number of batches in training:  7659

Sample batch details:
Key          | Shape               
-----------------------------------
x_d_1D       | torch.Size([256, 351, 12])
x_d_1h       | torch.Size([256, 336, 12])
x_s          | torch.Size([256, 26])
y_obs        | torch.Size([256, 24, 1])
basin_std    | torch.Size([256, 24, 1])
basin        | (256,)              
date         | (256, 24)           
Epoch: 1  | Loss training: 4.034 | NSE validation: 0.631 | Epoch time: 1083.7  s | LR:0.00050 
Epoch: 2  | Loss training: 2.903 | NSE validation: 0.675 | Epoch time: 1083.4  s | LR:0.00050 
Epoch: 3  | Loss training: 2.596 | NSE validation: 0.712 | Epoch time: 1083.4  s | LR:0.00050 
Epoch: 4  | Loss training: 2.406 | NSE validation: 0.712 | Epoch time: 1083.2  s | LR:0.00050 
Epoch: 5  | Loss training: 2.293 | NSE validation: 0.693 | Epoch time: 1083.4  s | LR:0.00050 
Epoch: 6  | Loss training: 2.190 | NSE validation: 0.731 | Epoch time: 1083.3  s | LR:0.00050 
Epoch: 7  | Loss training: 2.119 | NSE validation: 0.728 | Epoch time: 1083.4  s | LR:0.00050 
Epoch: 8  | Loss training: 2.060 | NSE validation: 0.729 | Epoch time: 1083.4  s | LR:0.00050 
Epoch: 9  | Loss training: 2.003 | NSE validation: 0.729 | Epoch time: 1083.3  s | LR:0.00050 
Epoch: 10 | Loss training: 1.956 | NSE validation: 0.733 | Epoch time: 1083.3  s | LR:0.00050 
Epoch: 11 | Loss training: 1.727 | NSE validation: 0.746 | Epoch time: 1083.4  s | LR:0.00010 
Epoch: 12 | Loss training: 1.675 | NSE validation: 0.742 | Epoch time: 1083.4  s | LR:0.00010 
Epoch: 13 | Loss training: 1.647 | NSE validation: 0.746 | Epoch time: 1083.4  s | LR:0.00010 
Epoch: 14 | Loss training: 1.624 | NSE validation: 0.745 | Epoch time: 1083.4  s | LR:0.00010 
Epoch: 15 | Loss training: 1.605 | NSE validation: 0.741 | Epoch time: 1083.3  s | LR:0.00010 
Epoch: 16 | Loss training: 1.584 | NSE validation: 0.744 | Epoch time: 1083.4  s | LR:0.00010 
Epoch: 17 | Loss training: 1.566 | NSE validation: 0.741 | Epoch time: 1083.4  s | LR:0.00010 
Epoch: 18 | Loss training: 1.553 | NSE validation: 0.744 | Epoch time: 1083.3  s | LR:0.00010 
Epoch: 19 | Loss training: 1.537 | NSE validation: 0.739 | Epoch time: 1083.3  s | LR:0.00010 
Epoch: 20 | Loss training: 1.521 | NSE validation: 0.740 | Epoch time: 1083.4  s | LR:0.00010 
Epoch: 21 | Loss training: 1.506 | NSE validation: 0.736 | Epoch time: 1083.3  s | LR:0.00010 
Epoch: 22 | Loss training: 1.498 | NSE validation: 0.742 | Epoch time: 1083.3  s | LR:0.00010 
Epoch: 23 | Loss training: 1.479 | NSE validation: 0.740 | Epoch time: 1083.4  s | LR:0.00010 
Epoch: 24 | Loss training: 1.474 | NSE validation: 0.738 | Epoch time: 1083.4  s | LR:0.00010 
Epoch: 25 | Loss training: 1.456 | NSE validation: 0.737 | Epoch time: 1083.3  s | LR:0.00010 
Epoch: 26 | Loss training: 1.394 | NSE validation: 0.739 | Epoch time: 1083.5  s | LR:0.00001 
Epoch: 27 | Loss training: 1.380 | NSE validation: 0.736 | Epoch time: 1083.1  s | LR:0.00001 
Epoch: 28 | Loss training: 1.375 | NSE validation: 0.736 | Epoch time: 1083.5  s | LR:0.00001 
Epoch: 29 | Loss training: 1.370 | NSE validation: 0.739 | Epoch time: 1083.4  s | LR:0.00001 
Epoch: 30 | Loss training: 1.367 | NSE validation: 0.737 | Epoch time: 1083.5  s | LR:0.00001 
Best (validation) median NSE: 0.746 at epoch 11
The mean NSE (validation) of this epoch model is 0.57 
Total training time: 541.7  min
***************  Evaluation process begin  ****************
***************  Loading the best_epoch model  ****************
***************** Test the *best_epoch* model on test dataset: *******************
Median NSE across all basins: 0.719
Mean NSE across all basins: 0.594
Total evaluation time: 6.7  min
***************  Loading the final_epoch model  ****************
***************** Test the *final_epoch* model on test dataset: *******************
Median NSE across all basins: 0.707
Mean NSE across all basins: 0.540
Total evaluation time: 6.7  min
/hkfs/home/haicore/iwu/qa8171/Project/Hy2DL/hy2dl/datasetzoo/hourlycamelsus.py:199: DtypeWarning: Columns (3) have mixed types. Specify dtype option on import or set low_memory=False.
  df = pd.read_csv(streamflow_path, index_col=["date"], parse_dates=["date"])
/hkfs/home/haicore/iwu/qa8171/Project/Hy2DL/hy2dl/datasetzoo/hourlycamelsus.py:199: DtypeWarning: Columns (3) have mixed types. Specify dtype option on import or set low_memory=False.
  df = pd.read_csv(streamflow_path, index_col=["date"], parse_dates=["date"])
/hkfs/home/haicore/iwu/qa8171/env/HY3.9/lib64/python3.9/site-packages/networkx/utils/backends.py:135: RuntimeWarning: networkx backend defined more than once: nx-loopback
  backends.update(_get_backends("networkx.backends"))
