/hkfs/home/haicore/iwu/qa8171/Project/Hy2DL/hy2dl/datasetzoo/hourlycamelsus.py:199: DtypeWarning: Columns (3) have mixed types. Specify dtype option on import or set low_memory=False.
  df = pd.read_csv(streamflow_path, index_col=["date"], parse_dates=["date"])
/hkfs/home/haicore/iwu/qa8171/Project/Hy2DL/hy2dl/datasetzoo/hourlycamelsus.py:199: DtypeWarning: Columns (3) have mixed types. Specify dtype option on import or set low_memory=False.
  df = pd.read_csv(streamflow_path, index_col=["date"], parse_dates=["date"])
/hkfs/home/haicore/iwu/qa8171/Project/Hy2DL/hy2dl/datasetzoo/hourlycamelsus.py:199: DtypeWarning: Columns (3) have mixed types. Specify dtype option on import or set low_memory=False.
  df = pd.read_csv(streamflow_path, index_col=["date"], parse_dates=["date"])
/hkfs/home/haicore/iwu/qa8171/Project/Hy2DL/hy2dl/datasetzoo/hourlycamelsus.py:199: DtypeWarning: Columns (3) have mixed types. Specify dtype option on import or set low_memory=False.
  df = pd.read_csv(streamflow_path, index_col=["date"], parse_dates=["date"])
/hkfs/home/haicore/iwu/qa8171/Project/Hy2DL/hy2dl/datasetzoo/hourlycamelsus.py:199: DtypeWarning: Columns (3) have mixed types. Specify dtype option on import or set low_memory=False.
  df = pd.read_csv(streamflow_path, index_col=["date"], parse_dates=["date"])
/hkfs/home/haicore/iwu/qa8171/Project/Hy2DL/hy2dl/datasetzoo/hourlycamelsus.py:199: DtypeWarning: Columns (3) have mixed types. Specify dtype option on import or set low_memory=False.
  df = pd.read_csv(streamflow_path, index_col=["date"], parse_dates=["date"])
/hkfs/home/haicore/iwu/qa8171/Project/Hy2DL/hy2dl/datasetzoo/hourlycamelsus.py:199: DtypeWarning: Columns (3) have mixed types. Specify dtype option on import or set low_memory=False.
  df = pd.read_csv(streamflow_path, index_col=["date"], parse_dates=["date"])
/hkfs/home/haicore/iwu/qa8171/Project/Hy2DL/hy2dl/datasetzoo/hourlycamelsus.py:199: DtypeWarning: Columns (3) have mixed types. Specify dtype option on import or set low_memory=False.
  df = pd.read_csv(streamflow_path, index_col=["date"], parse_dates=["date"])
/hkfs/home/haicore/iwu/qa8171/Project/Hy2DL/hy2dl/datasetzoo/hourlycamelsus.py:199: DtypeWarning: Columns (3) have mixed types. Specify dtype option on import or set low_memory=False.
  df = pd.read_csv(streamflow_path, index_col=["date"], parse_dates=["date"])
/hkfs/home/haicore/iwu/qa8171/Project/Hy2DL/hy2dl/datasetzoo/hourlycamelsus.py:199: DtypeWarning: Columns (3) have mixed types. Specify dtype option on import or set low_memory=False.
  df = pd.read_csv(streamflow_path, index_col=["date"], parse_dates=["date"])
/hkfs/home/haicore/iwu/qa8171/Project/Hy2DL/hy2dl/datasetzoo/hourlycamelsus.py:199: DtypeWarning: Columns (3) have mixed types. Specify dtype option on import or set low_memory=False.
  df = pd.read_csv(streamflow_path, index_col=["date"], parse_dates=["date"])
/hkfs/home/haicore/iwu/qa8171/Project/Hy2DL/hy2dl/datasetzoo/hourlycamelsus.py:199: DtypeWarning: Columns (3) have mixed types. Specify dtype option on import or set low_memory=False.
  df = pd.read_csv(streamflow_path, index_col=["date"], parse_dates=["date"])
/hkfs/home/haicore/iwu/qa8171/Project/Hy2DL/hy2dl/datasetzoo/hourlycamelsus.py:199: DtypeWarning: Columns (3) have mixed types. Specify dtype option on import or set low_memory=False.
  df = pd.read_csv(streamflow_path, index_col=["date"], parse_dates=["date"])
/hkfs/home/haicore/iwu/qa8171/Project/Hy2DL/hy2dl/datasetzoo/hourlycamelsus.py:199: DtypeWarning: Columns (3) have mixed types. Specify dtype option on import or set low_memory=False.
  df = pd.read_csv(streamflow_path, index_col=["date"], parse_dates=["date"])
/hkfs/home/haicore/iwu/qa8171/env/HY3.9/lib64/python3.9/site-packages/networkx/utils/backends.py:135: RuntimeWarning: networkx backend defined more than once: nx-loopback
  backends.update(_get_backends("networkx.backends"))
/hkfs/home/haicore/iwu/qa8171/env/HY3.9/lib64/python3.9/site-packages/networkx/utils/backends.py:135: RuntimeWarning: networkx backend defined more than once: nx-loopback
  backends.update(_get_backends("networkx.backends"))
/hkfs/home/haicore/iwu/qa8171/env/HY3.9/lib64/python3.9/site-packages/networkx/utils/backends.py:135: RuntimeWarning: networkx backend defined more than once: nx-loopback
  backends.update(_get_backends("networkx.backends"))
/hkfs/home/haicore/iwu/qa8171/env/HY3.9/lib64/python3.9/site-packages/networkx/utils/backends.py:135: RuntimeWarning: networkx backend defined more than once: nx-loopback
  backends.update(_get_backends("networkx.backends"))
/hkfs/home/haicore/iwu/qa8171/env/HY3.9/lib64/python3.9/site-packages/networkx/utils/backends.py:135: RuntimeWarning: networkx backend defined more than once: nx-loopback
  backends.update(_get_backends("networkx.backends"))
/hkfs/home/haicore/iwu/qa8171/env/HY3.9/lib64/python3.9/site-packages/networkx/utils/backends.py:135: RuntimeWarning: networkx backend defined more than once: nx-loopback
  backends.update(_get_backends("networkx.backends"))
/hkfs/home/haicore/iwu/qa8171/env/HY3.9/lib64/python3.9/site-packages/networkx/utils/backends.py:135: RuntimeWarning: networkx backend defined more than once: nx-loopback
  backends.update(_get_backends("networkx.backends"))
Using random seed: 777
Folder './results/US_exp1/28_days_seed_777' created successfully.
NVIDIA A100-SXM4-40GB
Number of batches in training:  7659

Sample batch details:
Key          | Shape               
-----------------------------------
x_d_1D       | torch.Size([256, 337, 12])
x_d_1h       | torch.Size([256, 672, 12])
x_s          | torch.Size([256, 26])
y_obs        | torch.Size([256, 24, 1])
basin_std    | torch.Size([256, 24, 1])
basin        | (256,)              
date         | (256, 24)           
Traceback (most recent call last):
  File "/hkfs/home/haicore/iwu/qa8171/Project/Hy2DL/28_days.py", line 440, in <module>
    loss.backward()  # backpropagates
  File "/hkfs/home/haicore/iwu/qa8171/env/HY3.9/lib64/python3.9/site-packages/torch/_tensor.py", line 648, in backward
    torch.autograd.backward(
  File "/hkfs/home/haicore/iwu/qa8171/env/HY3.9/lib64/python3.9/site-packages/torch/autograd/__init__.py", line 353, in backward
    _engine_run_backward(
  File "/hkfs/home/haicore/iwu/qa8171/env/HY3.9/lib64/python3.9/site-packages/torch/autograd/graph.py", line 824, in _engine_run_backward
    return Variable._execution_engine.run_backward(  # Calls into the C++ engine to run the backward pass
torch.OutOfMemoryError: CUDA out of memory. Tried to allocate 2.63 GiB. GPU 0 has a total capacity of 39.49 GiB of which 1.66 GiB is free. Process 3730472 has 554.00 MiB memory in use. Process 3730468 has 6.62 GiB memory in use. Process 3730469 has 554.00 MiB memory in use. Process 3730471 has 6.65 GiB memory in use. Including non-PyTorch memory, this process has 3.99 GiB memory in use. Process 3730466 has 4.00 GiB memory in use. Process 3730467 has 6.66 GiB memory in use. Of the allocated memory 1.13 GiB is allocated by PyTorch, and 2.36 GiB is reserved by PyTorch but unallocated. If reserved but unallocated memory is large try setting PYTORCH_CUDA_ALLOC_CONF=expandable_segments:True to avoid fragmentation.  See documentation for Memory Management  (https://pytorch.org/docs/stable/notes/cuda.html#environment-variables)
Using random seed: 444
Folder './results/US_exp1/28_days_seed_444' created successfully.
NVIDIA A100-SXM4-40GB
Number of batches in training:  7659

Sample batch details:
Key          | Shape               
-----------------------------------
x_d_1D       | torch.Size([256, 337, 12])
x_d_1h       | torch.Size([256, 672, 12])
x_s          | torch.Size([256, 26])
y_obs        | torch.Size([256, 24, 1])
basin_std    | torch.Size([256, 24, 1])
basin        | (256,)              
date         | (256, 24)           
Traceback (most recent call last):
  File "/hkfs/home/haicore/iwu/qa8171/Project/Hy2DL/28_days.py", line 440, in <module>
    loss.backward()  # backpropagates
  File "/hkfs/home/haicore/iwu/qa8171/env/HY3.9/lib64/python3.9/site-packages/torch/_tensor.py", line 648, in backward
    torch.autograd.backward(
  File "/hkfs/home/haicore/iwu/qa8171/env/HY3.9/lib64/python3.9/site-packages/torch/autograd/__init__.py", line 353, in backward
    _engine_run_backward(
  File "/hkfs/home/haicore/iwu/qa8171/env/HY3.9/lib64/python3.9/site-packages/torch/autograd/graph.py", line 824, in _engine_run_backward
    return Variable._execution_engine.run_backward(  # Calls into the C++ engine to run the backward pass
torch.OutOfMemoryError: CUDA out of memory. Tried to allocate 2.63 GiB. GPU 0 has a total capacity of 39.49 GiB of which 2.37 GiB is free. Process 3730472 has 6.42 GiB memory in use. Process 3730468 has 6.66 GiB memory in use. Process 3730469 has 6.66 GiB memory in use. Process 3730471 has 6.66 GiB memory in use. Process 3730466 has 6.66 GiB memory in use. Including non-PyTorch memory, this process has 3.99 GiB memory in use. Of the allocated memory 1.13 GiB is allocated by PyTorch, and 2.36 GiB is reserved by PyTorch but unallocated. If reserved but unallocated memory is large try setting PYTORCH_CUDA_ALLOC_CONF=expandable_segments:True to avoid fragmentation.  See documentation for Memory Management  (https://pytorch.org/docs/stable/notes/cuda.html#environment-variables)
Using random seed: 555
Folder './results/US_exp1/28_days_seed_555' created successfully.
NVIDIA A100-SXM4-40GB
Number of batches in training:  7659

Sample batch details:
Key          | Shape               
-----------------------------------
x_d_1D       | torch.Size([256, 337, 12])
x_d_1h       | torch.Size([256, 672, 12])
x_s          | torch.Size([256, 26])
y_obs        | torch.Size([256, 24, 1])
basin_std    | torch.Size([256, 24, 1])
basin        | (256,)              
date         | (256, 24)           
Traceback (most recent call last):
  File "/hkfs/home/haicore/iwu/qa8171/Project/Hy2DL/28_days.py", line 440, in <module>
    loss.backward()  # backpropagates
  File "/hkfs/home/haicore/iwu/qa8171/env/HY3.9/lib64/python3.9/site-packages/torch/_tensor.py", line 648, in backward
    torch.autograd.backward(
  File "/hkfs/home/haicore/iwu/qa8171/env/HY3.9/lib64/python3.9/site-packages/torch/autograd/__init__.py", line 353, in backward
    _engine_run_backward(
  File "/hkfs/home/haicore/iwu/qa8171/env/HY3.9/lib64/python3.9/site-packages/torch/autograd/graph.py", line 824, in _engine_run_backward
    return Variable._execution_engine.run_backward(  # Calls into the C++ engine to run the backward pass
torch.OutOfMemoryError: CUDA out of memory. Tried to allocate 2.63 GiB. GPU 0 has a total capacity of 39.49 GiB of which 1.53 GiB is free. Process 3730472 has 6.66 GiB memory in use. Including non-PyTorch memory, this process has 3.99 GiB memory in use. Process 3730469 has 554.00 MiB memory in use. Process 3730471 has 554.00 MiB memory in use. Process 3730466 has 6.66 GiB memory in use. Of the allocated memory 1.13 GiB is allocated by PyTorch, and 2.36 GiB is reserved by PyTorch but unallocated. If reserved but unallocated memory is large try setting PYTORCH_CUDA_ALLOC_CONF=expandable_segments:True to avoid fragmentation.  See documentation for Memory Management  (https://pytorch.org/docs/stable/notes/cuda.html#environment-variables)
Using random seed: 666
Folder './results/US_exp1/28_days_seed_666' created successfully.
NVIDIA A100-SXM4-40GB
Number of batches in training:  7659

Sample batch details:
Key          | Shape               
-----------------------------------
x_d_1D       | torch.Size([256, 337, 12])
x_d_1h       | torch.Size([256, 672, 12])
x_s          | torch.Size([256, 26])
y_obs        | torch.Size([256, 24, 1])
basin_std    | torch.Size([256, 24, 1])
basin        | (256,)              
date         | (256, 24)           
Traceback (most recent call last):
  File "/hkfs/home/haicore/iwu/qa8171/Project/Hy2DL/28_days.py", line 477, in <module>
    pred = model(sample)
  File "/hkfs/home/haicore/iwu/qa8171/env/HY3.9/lib64/python3.9/site-packages/torch/nn/modules/module.py", line 1751, in _wrapped_call_impl
    return self._call_impl(*args, **kwargs)
  File "/hkfs/home/haicore/iwu/qa8171/env/HY3.9/lib64/python3.9/site-packages/torch/nn/modules/module.py", line 1762, in _call_impl
    return forward_call(*args, **kwargs)
  File "/hkfs/home/haicore/iwu/qa8171/Project/Hy2DL/hy2dl/modelzoo/mflstm.py", line 104, in forward
    out, (hn_1, cn_1) = self.lstm(x_lstm, (h0, c0))
  File "/hkfs/home/haicore/iwu/qa8171/env/HY3.9/lib64/python3.9/site-packages/torch/nn/modules/module.py", line 1751, in _wrapped_call_impl
    return self._call_impl(*args, **kwargs)
  File "/hkfs/home/haicore/iwu/qa8171/env/HY3.9/lib64/python3.9/site-packages/torch/nn/modules/module.py", line 1762, in _call_impl
    return forward_call(*args, **kwargs)
  File "/hkfs/home/haicore/iwu/qa8171/env/HY3.9/lib64/python3.9/site-packages/torch/nn/modules/rnn.py", line 1124, in forward
    result = _VF.lstm(
torch.OutOfMemoryError: CUDA out of memory. Tried to allocate 10.51 GiB. GPU 0 has a total capacity of 39.49 GiB of which 7.40 GiB is free. Process 3730472 has 12.02 GiB memory in use. Including non-PyTorch memory, this process has 1.36 GiB memory in use. Process 3730471 has 12.02 GiB memory in use. Process 3730466 has 6.65 GiB memory in use. Of the allocated memory 872.56 MiB is allocated by PyTorch, and 9.44 MiB is reserved by PyTorch but unallocated. If reserved but unallocated memory is large try setting PYTORCH_CUDA_ALLOC_CONF=expandable_segments:True to avoid fragmentation.  See documentation for Memory Management  (https://pytorch.org/docs/stable/notes/cuda.html#environment-variables)
