/pfs/data6/home/ka/ka_iwu/ka_qa8171/envs/HY3.9/lib64/python3.9/site-packages/networkx/utils/backends.py:135: RuntimeWarning: networkx backend defined more than once: nx-loopback
  backends.update(_get_backends("networkx.backends"))
Folder './results/test_output_1_step_GPU_seed_110' created successfully.
NVIDIA A100 80GB PCIe
Number of batches in training:  983

Sample batch details:
Key          | Shape               
-----------------------------------
x_d_1W       | torch.Size([256, 24, 5])
x_d_1D       | torch.Size([256, 196, 5])
x_d_1h       | torch.Size([256, 24, 5])
x_s          | torch.Size([256, 17])
y_obs        | torch.Size([256, 1, 1])
basin_std    | torch.Size([256, 1, 1])
basin        | (256,)              
date         | (256, 1)            
Epoch: 1  | Loss training: 23.478 | NSE validation: 0.556 | Epoch time: 241.1  s | LR:0.00050 
Epoch: 2  | Loss training: 9.672 | NSE validation: 0.766 | Epoch time: 236.2  s | LR:0.00050 
Total training time: 477.3  s

============================= JOB FEEDBACK =============================

NodeName=uc2n901
Job ID: 204053
Cluster: uc3
User/Group: ka_qa8171/ka_iwu
State: COMPLETED (exit code 0)
Nodes: 1
Cores per node: 32
CPU Utilized: 00:09:32
CPU Efficiency: 2.75% of 05:46:40 core-walltime
Job Wall-clock time: 00:10:50
Memory Utilized: 1.43 GB
Memory Efficiency: 0.29% of 498.05 GB (498.05 GB/node)
